|--- feature_5 <= 6.97
|   |--- feature_12 <= 14.40
|   |   |--- feature_5 <= 6.54
|   |   |   |--- feature_7 <= 1.21
|   |   |   |   |--- value: [50.00]
|   |   |   |--- feature_7 >  1.21
|   |   |   |   |--- feature_12 <= 7.69
|   |   |   |   |   |--- feature_11 <= 351.62
|   |   |   |   |   |   |--- value: [27.00]
|   |   |   |   |   |--- feature_11 >  351.62
|   |   |   |   |   |   |--- value: [23.35]
|   |   |   |   |--- feature_12 >  7.69
|   |   |   |   |   |--- feature_12 <= 7.89
|   |   |   |   |   |   |--- value: [15.25]
|   |   |   |   |   |--- feature_12 >  7.89
|   |   |   |   |   |   |--- value: [21.02]
|   |   |--- feature_5 >  6.54
|   |   |   |--- feature_12 <= 5.78
|   |   |   |   |--- feature_10 <= 17.85
|   |   |   |   |   |--- feature_12 <= 4.77
|   |   |   |   |   |   |--- value: [30.72]
|   |   |   |   |   |--- feature_12 >  4.77
|   |   |   |   |   |   |--- value: [34.87]
|   |   |   |   |--- feature_10 >  17.85
|   |   |   |   |   |--- feature_7 <= 4.22
|   |   |   |   |   |   |--- value: [22.80]
|   |   |   |   |   |--- feature_7 >  4.22
|   |   |   |   |   |   |--- value: [28.02]
|   |   |   |--- feature_12 >  5.78
|   |   |   |   |--- feature_4 <= 0.44
|   |   |   |   |   |--- feature_1 <= 37.00
|   |   |   |   |   |   |--- value: [22.43]
|   |   |   |   |   |--- feature_1 >  37.00
|   |   |   |   |   |   |--- value: [25.18]
|   |   |   |   |--- feature_4 >  0.44
|   |   |   |   |   |--- feature_10 <= 17.50
|   |   |   |   |   |   |--- value: [28.95]
|   |   |   |   |   |--- feature_10 >  17.50
|   |   |   |   |   |   |--- value: [25.80]
|   |--- feature_12 >  14.40
|   |   |--- feature_0 <= 7.08
|   |   |   |--- feature_6 <= 93.15
|   |   |   |   |--- feature_10 <= 20.95
|   |   |   |   |   |--- feature_6 <= 83.45
|   |   |   |   |   |   |--- value: [21.71]
|   |   |   |   |   |--- feature_6 >  83.45
|   |   |   |   |   |   |--- value: [18.79]
|   |   |   |   |--- feature_10 >  20.95
|   |   |   |   |   |--- feature_8 <= 3.50
|   |   |   |   |   |   |--- value: [18.90]
|   |   |   |   |   |--- feature_8 >  3.50
|   |   |   |   |   |   |--- value: [14.00]
|   |   |   |--- feature_6 >  93.15
|   |   |   |   |--- feature_2 <= 26.69
|   |   |   |   |   |--- feature_0 <= 1.23
|   |   |   |   |   |   |--- value: [16.60]
|   |   |   |   |   |--- feature_0 >  1.23
|   |   |   |   |   |   |--- value: [14.22]
|   |   |   |   |--- feature_2 >  26.69
|   |   |   |   |   |--- value: [8.10]
|   |   |--- feature_0 >  7.08
|   |   |   |--- feature_12 <= 24.03
|   |   |   |   |--- feature_7 <= 2.80
|   |   |   |   |   |--- feature_0 <= 11.49
|   |   |   |   |   |   |--- value: [13.01]
|   |   |   |   |   |--- feature_0 >  11.49
|   |   |   |   |   |   |--- value: [10.99]
|   |   |   |   |--- feature_7 >  2.80
|   |   |   |   |   |--- value: [20.10]
|   |   |   |--- feature_12 >  24.03
|   |   |   |   |--- feature_4 <= 0.67
|   |   |   |   |   |--- value: [13.80]
|   |   |   |   |--- feature_4 >  0.67
|   |   |   |   |   |--- feature_7 <= 1.87
|   |   |   |   |   |   |--- value: [7.33]
|   |   |   |   |   |--- feature_7 >  1.87
|   |   |   |   |   |   |--- value: [8.90]
|--- feature_5 >  6.97
|   |--- feature_5 <= 7.44
|   |   |--- feature_7 <= 1.55
|   |   |   |--- value: [50.00]
|   |   |--- feature_7 >  1.55
|   |   |   |--- feature_8 <= 15.50
|   |   |   |   |--- feature_0 <= 0.06
|   |   |   |   |   |--- feature_0 <= 0.06
|   |   |   |   |   |   |--- value: [32.45]
|   |   |   |   |   |--- feature_0 >  0.06
|   |   |   |   |   |   |--- value: [23.60]
|   |   |   |   |--- feature_0 >  0.06
|   |   |   |   |   |--- feature_12 <= 10.42
|   |   |   |   |   |   |--- value: [34.98]
|   |   |   |   |   |--- feature_12 >  10.42
|   |   |   |   |   |   |--- value: [31.00]
|   |   |   |--- feature_8 >  15.50
|   |   |   |   |--- feature_6 <= 88.15
|   |   |   |   |   |--- value: [25.00]
|   |   |   |   |--- feature_6 >  88.15
|   |   |   |   |   |--- value: [17.80]
|   |--- feature_5 >  7.44
|   |   |--- feature_7 <= 3.21
|   |   |   |--- feature_8 <= 6.50
|   |   |   |   |--- value: [50.00]
|   |   |   |--- feature_8 >  6.50
|   |   |   |   |--- value: [44.80]
|   |   |--- feature_7 >  3.21
|   |   |   |--- feature_12 <= 4.08
|   |   |   |   |--- feature_6 <= 71.85
|   |   |   |   |   |--- feature_5 <= 7.87
|   |   |   |   |   |   |--- value: [44.03]
|   |   |   |   |   |--- feature_5 >  7.87
|   |   |   |   |   |   |--- value: [49.15]
|   |   |   |   |--- feature_6 >  71.85
|   |   |   |   |   |--- feature_0 <= 0.48
|   |   |   |   |   |   |--- value: [37.60]
|   |   |   |   |   |--- feature_0 >  0.48
|   |   |   |   |   |   |--- value: [41.70]
|   |   |   |--- feature_12 >  4.08
|   |   |   |   |--- feature_9 <= 249.50
|   |   |   |   |   |--- value: [35.20]
|   |   |   |   |--- feature_9 >  249.50
|   |   |   |   |   |--- value: [38.70]
